# JRE version: OpenJDK Runtime Environment Corretto-17.0.9.8.1 (17.0.9+8) (build 17.0.9+8-LTS)
# Java VM: OpenJDK 64-Bit Server VM Corretto-17.0.9.8.1 (17.0.9+8-LTS, mixed mode, sharing, tiered, compressed oops, compressed class ptrs, g1 gc, windows-amd64)
GC Precious Log:
 CPUs: 20 total, 20 available
 Memory: 16084M
 Large Page Support: Disabled
 NUMA Support: Disabled
 Compressed Oops: Enabled (Zero based)
 Heap Region Size: 2M
 Heap Min Capacity: 8M
 Heap Initial Capacity: 252M
 Heap Max Capacity: 4022M
 Pre-touch: Disabled
 Parallel Workers: 15
 Concurrent Workers: 4
 Concurrent Refinement Workers: 15
 Periodic GC: Disabled
Heap:
 garbage-first heap   total 174080K, used 105163K [0x0000000704a00000, 0x0000000800000000)
  region size 2048K, 17 young (34816K), 5 survivors (10240K)
 Metaspace       used 30439K, committed 30784K, reserved 1114112K
  class space    used 3248K, committed 3392K, reserved 1048576K
GC Heap History (20 events):
Event: 9.546 GC heap before
{Heap before GC invocations=5 (full 0):
 garbage-first heap   total 96256K, used 73925K [0x0000000704a00000, 0x0000000800000000)
  region size 2048K, 28 young (57344K), 3 survivors (6144K)
 Metaspace       used 23898K, committed 24192K, reserved 1114112K
  class space    used 2641K, committed 2816K, reserved 1048576K
}
Event: 9.552 GC heap after
{Heap after GC invocations=6 (full 0):
 garbage-first heap   total 104448K, used 42852K [0x0000000704a00000, 0x0000000800000000)
  region size 2048K, 4 young (8192K), 4 survivors (8192K)
 Metaspace       used 23898K, committed 24192K, reserved 1114112K
  class space    used 2641K, committed 2816K, reserved 1048576K
}
Event: 9.572 GC heap before
{Heap before GC invocations=6 (full 0):
 garbage-first heap   total 104448K, used 44900K [0x0000000704a00000, 0x0000000800000000)
  region size 2048K, 5 young (10240K), 4 survivors (8192K)
 Metaspace       used 24066K, committed 24320K, reserved 1114112K
  class space    used 2663K, committed 2816K, reserved 1048576K
}
Event: 9.575 GC heap after
{Heap after GC invocations=7 (full 0):
 garbage-first heap   total 104448K, used 45803K [0x0000000704a00000, 0x0000000800000000)
  region size 2048K, 1 young (2048K), 1 survivors (2048K)
 Metaspace       used 24066K, committed 24320K, reserved 1114112K
  class space    used 2663K, committed 2816K, reserved 1048576K
}
Event: 9.837 GC heap before
{Heap before GC invocations=7 (full 0):
 garbage-first heap   total 104448K, used 74475K [0x0000000704a00000, 0x0000000800000000)
  region size 2048K, 15 young (30720K), 1 survivors (2048K)
 Metaspace       used 24599K, committed 24832K, reserved 1114112K
  class space    used 2686K, committed 2816K, reserved 1048576K
}
Event: 9.846 GC heap after
{Heap after GC invocations=8 (full 0):
 garbage-first heap   total 104448K, used 51200K [0x0000000704a00000, 0x0000000800000000)
  region size 2048K, 2 young (4096K), 2 survivors (4096K)
 Metaspace       used 24599K, committed 24832K, reserved 1114112K
  class space    used 2686K, committed 2816K, reserved 1048576K
}
Event: 9.884 GC heap before
{Heap before GC invocations=8 (full 0):
 garbage-first heap   total 104448K, used 53248K [0x0000000704a00000, 0x0000000800000000)
  region size 2048K, 4 young (8192K), 2 survivors (4096K)
 Metaspace       used 24602K, committed 24832K, reserved 1114112K
  class space    used 2686K, committed 2816K, reserved 1048576K
}
Event: 9.892 GC heap after
{Heap after GC invocations=9 (full 0):
 garbage-first heap   total 104448K, used 52496K [0x0000000704a00000, 0x0000000800000000)
  region size 2048K, 1 young (2048K), 1 survivors (2048K)
 Metaspace       used 24602K, committed 24832K, reserved 1114112K
  class space    used 2686K, committed 2816K, reserved 1048576K
}
Event: 10.301 GC heap before
{Heap before GC invocations=10 (full 0):
 garbage-first heap   total 104448K, used 75024K [0x0000000704a00000, 0x0000000800000000)
  region size 2048K, 12 young (24576K), 1 survivors (2048K)
 Metaspace       used 25785K, committed 26048K, reserved 1114112K
  class space    used 2810K, committed 2944K, reserved 1048576K
}
Event: 10.305 GC heap after
{Heap after GC invocations=11 (full 0):
 garbage-first heap   total 104448K, used 55560K [0x0000000704a00000, 0x0000000800000000)
  region size 2048K, 1 young (2048K), 1 survivors (2048K)
 Metaspace       used 25785K, committed 26048K, reserved 1114112K
  class space    used 2810K, committed 2944K, reserved 1048576K
}
Event: 10.529 GC heap before
{Heap before GC invocations=11 (full 0):
 garbage-first heap   total 104448K, used 76040K [0x0000000704a00000, 0x0000000800000000)
  region size 2048K, 12 young (24576K), 1 survivors (2048K)
 Metaspace       used 26830K, committed 27136K, reserved 1114112K
  class space    used 2909K, committed 3072K, reserved 1048576K
}
Event: 10.532 GC heap after
{Heap after GC invocations=12 (full 0):
 garbage-first heap   total 104448K, used 56091K [0x0000000704a00000, 0x0000000800000000)
  region size 2048K, 2 young (4096K), 2 survivors (4096K)
 Metaspace       used 26830K, committed 27136K, reserved 1114112K
  class space    used 2909K, committed 3072K, reserved 1048576K
}
Event: 10.758 GC heap before
{Heap before GC invocations=13 (full 0):
 garbage-first heap   total 104448K, used 78619K [0x0000000704a00000, 0x0000000800000000)
  region size 2048K, 13 young (26624K), 2 survivors (4096K)
 Metaspace       used 27376K, committed 27648K, reserved 1114112K
  class space    used 2975K, committed 3136K, reserved 1048576K
}
Event: 10.766 GC heap after
{Heap after GC invocations=14 (full 0):
 garbage-first heap   total 104448K, used 57094K [0x0000000704a00000, 0x0000000800000000)
  region size 2048K, 2 young (4096K), 2 survivors (4096K)
 Metaspace       used 27376K, committed 27648K, reserved 1114112K
  class space    used 2975K, committed 3136K, reserved 1048576K
}
Event: 10.879 GC heap before
{Heap before GC invocations=14 (full 0):
 garbage-first heap   total 104448K, used 81670K [0x0000000704a00000, 0x0000000800000000)
  region size 2048K, 14 young (28672K), 2 survivors (4096K)
 Metaspace       used 27549K, committed 27840K, reserved 1114112K
  class space    used 2981K, committed 3136K, reserved 1048576K
}
Event: 10.885 GC heap after
{Heap after GC invocations=15 (full 0):
 garbage-first heap   total 174080K, used 57717K [0x0000000704a00000, 0x0000000800000000)
  region size 2048K, 2 young (4096K), 2 survivors (4096K)
 Metaspace       used 27549K, committed 27840K, reserved 1114112K
  class space    used 2981K, committed 3136K, reserved 1048576K
}
Event: 11.557 GC heap before
{Heap before GC invocations=16 (full 0):
 garbage-first heap   total 174080K, used 133493K [0x0000000704a00000, 0x0000000800000000)
  region size 2048K, 39 young (79872K), 2 survivors (4096K)
 Metaspace       used 29711K, committed 30016K, reserved 1114112K
  class space    used 3195K, committed 3328K, reserved 1048576K
}
Event: 11.561 GC heap after
{Heap after GC invocations=17 (full 0):
 garbage-first heap   total 174080K, used 59278K [0x0000000704a00000, 0x0000000800000000)
  region size 2048K, 2 young (4096K), 2 survivors (4096K)
 Metaspace       used 29711K, committed 30016K, reserved 1114112K
  class space    used 3195K, committed 3328K, reserved 1048576K
}
Event: 13.236 GC heap before
{Heap before GC invocations=17 (full 0):
 garbage-first heap   total 174080K, used 139150K [0x0000000704a00000, 0x0000000800000000)
  region size 2048K, 40 young (81920K), 2 survivors (4096K)
 Metaspace       used 30164K, committed 30464K, reserved 1114112K
  class space    used 3226K, committed 3392K, reserved 1048576K
}
Event: 13.243 GC heap after
{Heap after GC invocations=18 (full 0):
 garbage-first heap   total 174080K, used 82635K [0x0000000704a00000, 0x0000000800000000)
  region size 2048K, 5 young (10240K), 5 survivors (10240K)
 Metaspace       used 30164K, committed 30464K, reserved 1114112K
  class space    used 3226K, committed 3392K, reserved 1048576K
}

