# JRE version: OpenJDK Runtime Environment Corretto-17.0.9.8.1 (17.0.9+8) (build 17.0.9+8-LTS)
# Java VM: OpenJDK 64-Bit Server VM Corretto-17.0.9.8.1 (17.0.9+8-LTS, mixed mode, sharing, tiered, compressed oops, compressed class ptrs, g1 gc, windows-amd64)
GC Precious Log:
 CPUs: 20 total, 20 available
 Memory: 16084M
 Large Page Support: Disabled
 NUMA Support: Disabled
 Compressed Oops: Enabled (Zero based)
 Heap Region Size: 2M
 Heap Min Capacity: 8M
 Heap Initial Capacity: 252M
 Heap Max Capacity: 4022M
 Pre-touch: Disabled
 Parallel Workers: 15
 Concurrent Workers: 4
 Concurrent Refinement Workers: 15
 Periodic GC: Disabled
Heap:
 garbage-first heap   total 184320K, used 53870K [0x0000000704a00000, 0x0000000800000000)
  region size 2048K, 2 young (4096K), 1 survivors (2048K)
 Metaspace       used 26691K, committed 27008K, reserved 1114112K
  class space    used 2905K, committed 3008K, reserved 1048576K
GC Heap History (18 events):
Event: 0.363 GC heap before
{Heap before GC invocations=0 (full 0):
 garbage-first heap   total 258048K, used 22528K [0x0000000704a00000, 0x0000000800000000)
  region size 2048K, 11 young (22528K), 0 survivors (0K)
 Metaspace       used 5075K, committed 5184K, reserved 1114112K
  class space    used 581K, committed 640K, reserved 1048576K
}
Event: 0.366 GC heap after
{Heap after GC invocations=1 (full 0):
 garbage-first heap   total 258048K, used 3774K [0x0000000704a00000, 0x0000000800000000)
  region size 2048K, 2 young (4096K), 2 survivors (4096K)
 Metaspace       used 5075K, committed 5184K, reserved 1114112K
  class space    used 581K, committed 640K, reserved 1048576K
}
Event: 1.766 GC heap before
{Heap before GC invocations=1 (full 0):
 garbage-first heap   total 258048K, used 34494K [0x0000000704a00000, 0x0000000800000000)
  region size 2048K, 17 young (34816K), 2 survivors (4096K)
 Metaspace       used 9620K, committed 9728K, reserved 1114112K
  class space    used 1152K, committed 1216K, reserved 1048576K
}
Event: 1.769 GC heap after
{Heap after GC invocations=2 (full 0):
 garbage-first heap   total 258048K, used 5682K [0x0000000704a00000, 0x0000000800000000)
  region size 2048K, 2 young (4096K), 2 survivors (4096K)
 Metaspace       used 9620K, committed 9728K, reserved 1114112K
  class space    used 1152K, committed 1216K, reserved 1048576K
}
Event: 3.329 GC heap before
{Heap before GC invocations=2 (full 0):
 garbage-first heap   total 258048K, used 71218K [0x0000000704a00000, 0x0000000800000000)
  region size 2048K, 34 young (69632K), 2 survivors (4096K)
 Metaspace       used 13401K, committed 13568K, reserved 1114112K
  class space    used 1514K, committed 1600K, reserved 1048576K
}
Event: 3.337 GC heap after
{Heap after GC invocations=3 (full 0):
 garbage-first heap   total 258048K, used 12704K [0x0000000704a00000, 0x0000000800000000)
  region size 2048K, 5 young (10240K), 5 survivors (10240K)
 Metaspace       used 13401K, committed 13568K, reserved 1114112K
  class space    used 1514K, committed 1600K, reserved 1048576K
}
Event: 7.248 GC heap before
{Heap before GC invocations=3 (full 0):
 garbage-first heap   total 258048K, used 125344K [0x0000000704a00000, 0x0000000800000000)
  region size 2048K, 59 young (120832K), 5 survivors (10240K)
 Metaspace       used 21314K, committed 21504K, reserved 1114112K
  class space    used 2382K, committed 2496K, reserved 1048576K
}
Event: 7.254 GC heap after
{Heap after GC invocations=4 (full 0):
 garbage-first heap   total 258048K, used 26280K [0x0000000704a00000, 0x0000000800000000)
  region size 2048K, 9 young (18432K), 9 survivors (18432K)
 Metaspace       used 21314K, committed 21504K, reserved 1114112K
  class space    used 2382K, committed 2496K, reserved 1048576K
}
Event: 7.628 GC heap before
{Heap before GC invocations=5 (full 0):
 garbage-first heap   total 96256K, used 65192K [0x0000000704a00000, 0x0000000800000000)
  region size 2048K, 28 young (57344K), 9 survivors (18432K)
 Metaspace       used 23666K, committed 23936K, reserved 1114112K
  class space    used 2619K, committed 2752K, reserved 1048576K
}
Event: 7.642 GC heap after
{Heap after GC invocations=6 (full 0):
 garbage-first heap   total 100352K, used 39867K [0x0000000704a00000, 0x0000000800000000)
  region size 2048K, 4 young (8192K), 4 survivors (8192K)
 Metaspace       used 23666K, committed 23936K, reserved 1114112K
  class space    used 2619K, committed 2752K, reserved 1048576K
}
Event: 7.659 GC heap before
{Heap before GC invocations=6 (full 0):
 garbage-first heap   total 100352K, used 41915K [0x0000000704a00000, 0x0000000800000000)
  region size 2048K, 5 young (10240K), 4 survivors (8192K)
 Metaspace       used 23680K, committed 23936K, reserved 1114112K
  class space    used 2619K, committed 2752K, reserved 1048576K
}
Event: 7.663 GC heap after
{Heap after GC invocations=7 (full 0):
 garbage-first heap   total 100352K, used 41627K [0x0000000704a00000, 0x0000000800000000)
  region size 2048K, 1 young (2048K), 1 survivors (2048K)
 Metaspace       used 23680K, committed 23936K, reserved 1114112K
  class space    used 2619K, committed 2752K, reserved 1048576K
}
Event: 7.855 GC heap before
{Heap before GC invocations=7 (full 0):
 garbage-first heap   total 100352K, used 70299K [0x0000000704a00000, 0x0000000800000000)
  region size 2048K, 15 young (30720K), 1 survivors (2048K)
 Metaspace       used 24497K, committed 24832K, reserved 1114112K
  class space    used 2688K, committed 2816K, reserved 1048576K
}
Event: 7.862 GC heap after
{Heap after GC invocations=8 (full 0):
 garbage-first heap   total 100352K, used 47014K [0x0000000704a00000, 0x0000000800000000)
  region size 2048K, 2 young (4096K), 2 survivors (4096K)
 Metaspace       used 24497K, committed 24832K, reserved 1114112K
  class space    used 2688K, committed 2816K, reserved 1048576K
}
Event: 8.243 GC heap before
{Heap before GC invocations=8 (full 0):
 garbage-first heap   total 100352K, used 75686K [0x0000000704a00000, 0x0000000800000000)
  region size 2048K, 15 young (30720K), 2 survivors (4096K)
 Metaspace       used 25402K, committed 25664K, reserved 1114112K
  class space    used 2753K, committed 2880K, reserved 1048576K
}
Event: 8.255 GC heap after
{Heap after GC invocations=9 (full 0):
 garbage-first heap   total 100352K, used 53179K [0x0000000704a00000, 0x0000000800000000)
  region size 2048K, 2 young (4096K), 2 survivors (4096K)
 Metaspace       used 25402K, committed 25664K, reserved 1114112K
  class space    used 2753K, committed 2880K, reserved 1048576K
}
Event: 8.478 GC heap before
{Heap before GC invocations=9 (full 0):
 garbage-first heap   total 100352K, used 73659K [0x0000000704a00000, 0x0000000800000000)
  region size 2048K, 13 young (26624K), 2 survivors (4096K)
 Metaspace       used 26544K, committed 26816K, reserved 1114112K
  class space    used 2895K, committed 3008K, reserved 1048576K
}
Event: 8.483 GC heap after
{Heap after GC invocations=10 (full 0):
 garbage-first heap   total 184320K, used 53870K [0x0000000704a00000, 0x0000000800000000)
  region size 2048K, 1 young (2048K), 1 survivors (2048K)
 Metaspace       used 26544K, committed 26816K, reserved 1114112K
  class space    used 2895K, committed 3008K, reserved 1048576K
}

